<?xml version="1.0" encoding="UTF-8"?>
<!-- Generated by org.testng.reporters.JUnitXMLReporter -->
<testsuite hostname="LAPTOP-R9GCIVMV" ignored="0" name="Test" tests="8" failures="1" timestamp="24 Sep 2022 01:48:19 GMT" time="66.597" errors="0">
  <testcase name="@BeforeMethod Method" time="0.0" classname="testNgProjects.parallelExecution">
    <failure type="org.testng.TestNGException" message="
Parameter &amp;apos;browser&amp;apos; is required by BeforeMethod on method Method but has not been marked @Optional or defined
in C:\Users\Lenovo\eclipse-workspace\seleniumMaven\testng.xml">
      <![CDATA[org.testng.TestNGException: 
Parameter 'browser' is required by BeforeMethod on method Method but has not been marked @Optional or defined
in C:\Users\Lenovo\eclipse-workspace\seleniumMaven\testng.xml
... Removed 25 stack frames]]>
    </failure>
  </testcase> <!-- @BeforeMethod Method -->
  <testcase name="@BeforeMethod Method" time="0.0" classname="testNgProjects.parallelExecution">
    <skipped/>
  </testcase> <!-- @BeforeMethod Method -->
  <testcase name="books" time="3.927" classname="seleniumMavenProject.practEx">
    <failure type="java.lang.AssertionError" message="expected:&amp;lt;Book Store Online : Buy Books Online at Best Prices in India | Books Shopping @ Amazon.in&amp;gt; but was:&amp;lt;Mobile Phones: Buy New Mobiles Online at Best Prices in India | Buy Cell Phones Online - Amazon.in&amp;gt;">
      <![CDATA[java.lang.AssertionError: expected:<Book Store Online : Buy Books Online at Best Prices in India | Books Shopping @ Amazon.in> but was:<Mobile Phones: Buy New Mobiles Online at Best Prices in India | Buy Cell Phones Online - Amazon.in>
at seleniumMavenProject.practEx.books(practEx.java:49)
... Removed 27 stack frames]]>
    </failure>
  </testcase> <!-- books -->
  <testcase name="mobile" time="13.457" classname="seleniumMavenProject.practEx"/>
  <testcase name="getData" time="15.082" classname="parctDDT.practiceDDT"/>
  <testcase name="readsheetDet" time="0.438" classname="parctDDT.readingFile"/>
  <testcase name="actitimeLogin" time="10.516" classname="parctDDT.actitimeDDT"/>
  <testcase name="readCell" time="0.303" classname="parctDDT.readingFile2"/>
  <testcase name="testcase1" time="0.0" classname="testNgProjects.parallelExecution">
    <skipped/>
  </testcase> <!-- testcase1 -->
  <testcase name="testcase2" time="0.002" classname="testNgProjects.parallelExecution">
    <skipped/>
  </testcase> <!-- testcase2 -->
</testsuite> <!-- Test -->
