<?xml version="1.0" encoding="UTF-8"?>
<!-- Generated by org.testng.reporters.JUnitXMLReporter -->
<testsuite hostname="LAPTOP-R9GCIVMV" ignored="4" name="Test" tests="3" failures="0" timestamp="2022-09-14T12:48:40 IST" time="0.075" errors="0">
  <testcase name="TestCase1" time="0.008" classname="testNgPackage.grpTest"/>
  <testcase name="TestCase3" time="0.001" classname="testNgPackage.grpTest"/>
  <testcase name="TestCase4" time="0.001" classname="testNgPackage.grpTest"/>
  <testcase name="TestCase6" time="0.0" classname="testNgPackage.grpTest">
    <ignored/>
  </testcase> <!-- TestCase6 -->
  <testcase name="TestCase5" time="0.0" classname="testNgPackage.grpTest">
    <ignored/>
  </testcase> <!-- TestCase5 -->
  <testcase name="TestCase7" time="0.0" classname="testNgPackage.grpTest">
    <ignored/>
  </testcase> <!-- TestCase7 -->
  <testcase name="TestCase2" time="0.0" classname="testNgPackage.grpTest">
    <ignored/>
  </testcase> <!-- TestCase2 -->
</testsuite> <!-- Test -->
