<?xml version="1.0" encoding="UTF-8"?>
<testng-results skipped="0" failed="0" ignored="0" total="1" passed="1">
  <reporter-output>
  </reporter-output>
  <suite name="Default suite" duration-ms="28933" started-at="2022-09-29T03:37:10Z" finished-at="2022-09-29T03:37:39Z">
    <groups>
      <group name="cucumber">
        <method signature="AbstractTestNGCucumberTests.runScenario(io.cucumber.testng.PickleWrapper, io.cucumber.testng.FeatureWrapper)[pri:0, instance:TestRunner.run@60dcc9fe]" name="runScenario" class="io.cucumber.testng.AbstractTestNGCucumberTests"/>
      </group> <!-- cucumber -->
    </groups>
    <test name="Default test" duration-ms="28933" started-at="2022-09-29T03:37:10Z" finished-at="2022-09-29T03:37:39Z">
      <class name="TestRunner.run">
        <test-method status="PASS" signature="setUpClass()[pri:0, instance:TestRunner.run@60dcc9fe]" name="setUpClass" is-config="true" duration-ms="1464" started-at="2022-09-29T03:37:10Z" finished-at="2022-09-29T03:37:12Z">
          <reporter-output>
          </reporter-output>
        </test-method> <!-- setUpClass -->
        <test-method status="PASS" signature="runScenario(io.cucumber.testng.PickleWrapper, io.cucumber.testng.FeatureWrapper)[pri:0, instance:TestRunner.run@60dcc9fe]" name="runScenario" duration-ms="25323" started-at="2022-09-29T03:37:12Z" description="Runs Cucumber Scenarios" data-provider="scenarios" finished-at="2022-09-29T03:37:37Z">
          <params>
            <param index="0">
              <value>
                <![CDATA["Actitime task creation"]]>
              </value>
            </param>
            <param index="1">
              <value>
                <![CDATA["Optional[Title of your feature]"]]>
              </value>
            </param>
          </params>
          <reporter-output>
          </reporter-output>
        </test-method> <!-- runScenario -->
        <test-method status="PASS" signature="tearDownClass()[pri:0, instance:TestRunner.run@60dcc9fe]" name="tearDownClass" is-config="true" duration-ms="2126" started-at="2022-09-29T03:37:37Z" finished-at="2022-09-29T03:37:39Z">
          <reporter-output>
          </reporter-output>
        </test-method> <!-- tearDownClass -->
      </class> <!-- TestRunner.run -->
    </test> <!-- Default test -->
  </suite> <!-- Default suite -->
</testng-results>
